<?xml version="1.0" encoding="UTF-8"?>
<testsuite xmlns:xsi="http://www.w3.org/2001/XMLSchema-instance" xsi:noNamespaceSchemaLocation="https://maven.apache.org/surefire/maven-surefire-plugin/xsd/surefire-test-report.xsd" version="3.0.2" name="be.ucll.ResqfoodApplicationTests" time="3.126" tests="1" errors="0" skipped="0" failures="0">
  <properties>
[...]
</properties>
  <testcase name="contextLoads" classname="be.ucll.ResqfoodApplicationTests" time="0.284">
    <system-out><![CDATA[13:55:52.942 [main] INFO org.springframework.test.context.support.AnnotationConfigContextLoaderUtils -- Could not detect default configuration classes for test class [be.ucll.ResqfoodApplicationTests]: ResqfoodApplicationTests does not declare any static, non-private, non-final, nested classes annotated with @Configuration.
13:55:53.015 [main] INFO org.springframework.boot.test.context.SpringBootTestContextBootstrapper -- Found @SpringBootConfiguration be.ucll.ResqfoodApplication for test class be.ucll.ResqfoodApplicationTests

  .   ____          _            __ _ _
 /\\ / ___'_ __ _ _(_)_ __  __ _ \ \ \ \
( ( )\___ | '_ | '_| | '_ \/ _` | \ \ \ \
 \\/  ___)| |_)| | | | | || (_| |  ) ) ) )
  '  |____| .__|_| |_|_| |_\__, | / / / /
 =========|_|==============|___/=/_/_/_/

 :: Spring Boot ::                (v3.5.7)

2025-11-18T13:55:53.286+01:00  INFO 47044 --- [resqfood] [           main] be.ucll.ResqfoodApplicationTests         : Starting ResqfoodApplicationTests using Java 21.0.9-ea with PID 47044 (started by sqmmi3 in /home/sqmmi3/Documents/UCLL/2025-2026/Semester 1/Mobile Application/ResQFood/mobile-apps-team-11/backend/ucll)
2025-11-18T13:55:53.287+01:00  INFO 47044 --- [resqfood] [           main] be.ucll.ResqfoodApplicationTests         : The following 1 profile is active: "test"
2025-11-18T13:55:53.660+01:00  INFO 47044 --- [resqfood] [           main] .s.d.r.c.RepositoryConfigurationDelegate : Bootstrapping Spring Data JPA repositories in DEFAULT mode.
2025-11-18T13:55:53.705+01:00  INFO 47044 --- [resqfood] [           main] .s.d.r.c.RepositoryConfigurationDelegate : Finished Spring Data repository scanning in 38 ms. Found 3 JPA repository interfaces.
2025-11-18T13:55:53.953+01:00  INFO 47044 --- [resqfood] [           main] com.zaxxer.hikari.HikariDataSource       : HikariPool-1 - Starting...
2025-11-18T13:55:54.092+01:00  INFO 47044 --- [resqfood] [           main] com.zaxxer.hikari.pool.HikariPool        : HikariPool-1 - Added connection conn0: url=jdbc:h2:mem:testdb user=SA
2025-11-18T13:55:54.093+01:00  INFO 47044 --- [resqfood] [           main] com.zaxxer.hikari.HikariDataSource       : HikariPool-1 - Start completed.
2025-11-18T13:55:54.194+01:00  INFO 47044 --- [resqfood] [           main] o.hibernate.jpa.internal.util.LogHelper  : HHH000204: Processing PersistenceUnitInfo [name: default]
2025-11-18T13:55:54.234+01:00  INFO 47044 --- [resqfood] [           main] org.hibernate.Version                    : HHH000412: Hibernate ORM core version 6.6.33.Final
2025-11-18T13:55:54.255+01:00  INFO 47044 --- [resqfood] [           main] o.h.c.internal.RegionFactoryInitiator    : HHH000026: Second-level cache disabled
2025-11-18T13:55:54.400+01:00  INFO 47044 --- [resqfood] [           main] o.s.o.j.p.SpringPersistenceUnitInfo      : No LoadTimeWeaver setup: ignoring JPA class transformer
2025-11-18T13:55:54.443+01:00  INFO 47044 --- [resqfood] [           main] org.hibernate.orm.connections.pooling    : HHH10001005: Database info:
	Database JDBC URL [Connecting through datasource 'HikariDataSource (HikariPool-1)']
	Database driver: undefined/unknown
	Database version: 2.3.232
	Autocommit mode: undefined/unknown
	Isolation level: undefined/unknown
	Minimum pool size: undefined/unknown
	Maximum pool size: undefined/unknown
2025-11-18T13:55:54.914+01:00  INFO 47044 --- [resqfood] [           main] o.h.e.t.j.p.i.JtaPlatformInitiator       : HHH000489: No JTA platform available (set 'hibernate.transaction.jta.platform' to enable JTA platform integration)
Hibernate: drop table if exists resqfood.items cascade 
Hibernate: drop table if exists resqfood.users cascade 
Hibernate: drop table if exists resqfood.users_items cascade 
Hibernate: create table resqfood.items (id bigint generated by default as identity, name varchar(255) not null, type enum ('BAKERY','BEVERAGE','DAIRY','FISH','FRUIT','MEAT','OTHER','VEGETABLE') not null, primary key (id))
Hibernate: create table resqfood.users (id bigint generated by default as identity, username varchar(50) not null unique, password varchar(72) not null, email varchar(255) not null unique, primary key (id))
Hibernate: create table resqfood.users_items (expiration_date date not null, opened_date date, opened_rule integer, id bigint generated by default as identity, item_id bigint not null, user_id bigint not null, primary key (id))
Hibernate: alter table if exists resqfood.users_items add constraint FK8yn5v58akbaa0y65g3aoc59rv foreign key (item_id) references resqfood.items
Hibernate: alter table if exists resqfood.users_items add constraint FKqvsnueoa1r3g9r1rxyrdp93ae foreign key (user_id) references resqfood.users
2025-11-18T13:55:54.938+01:00  INFO 47044 --- [resqfood] [           main] j.LocalContainerEntityManagerFactoryBean : Initialized JPA EntityManagerFactory for persistence unit 'default'
2025-11-18T13:55:55.287+01:00  WARN 47044 --- [resqfood] [           main] JpaBaseConfiguration$JpaWebConfiguration : spring.jpa.open-in-view is enabled by default. Therefore, database queries may be performed during view rendering. Explicitly configure spring.jpa.open-in-view to disable this warning
2025-11-18T13:55:55.681+01:00  INFO 47044 --- [resqfood] [           main] be.ucll.ResqfoodApplicationTests         : Started ResqfoodApplicationTests in 2.584 seconds (process running for 3.126)
]]></system-out>
    <system-err><![CDATA[Mockito is currently self-attaching to enable the inline-mock-maker. This will no longer work in future releases of the JDK. Please add Mockito as an agent to your build as described in Mockito's documentation: https://javadoc.io/doc/org.mockito/mockito-core/latest/org.mockito/org/mockito/Mockito.html#0.3
WARNING: A Java agent has been loaded dynamically (/home/sqmmi3/.m2/repository/net/bytebuddy/byte-buddy-agent/1.17.8/byte-buddy-agent-1.17.8.jar)
WARNING: If a serviceability tool is in use, please run with -XX:+EnableDynamicAgentLoading to hide this warning
WARNING: If a serviceability tool is not in use, please run with -Djdk.instrument.traceUsage for more information
WARNING: Dynamic loading of agents will be disallowed by default in a future release
]]></system-err>
  </testcase>
</testsuite>